0 info it worked if it ends with ok
1 verbose cli [ '/usr/bin/node', '/usr/bin/npm', 'start' ]
2 info using npm@3.10.10
3 info using node@v6.12.2
4 verbose run-script [ 'prestart', 'start', 'poststart' ]
5 info lifecycle workout-tracker@1.0.0~prestart: workout-tracker@1.0.0
6 silly lifecycle workout-tracker@1.0.0~prestart: no script for prestart, continuing
7 info lifecycle workout-tracker@1.0.0~start: workout-tracker@1.0.0
8 verbose lifecycle workout-tracker@1.0.0~start: unsafe-perm in lifecycle true
9 verbose lifecycle workout-tracker@1.0.0~start: PATH: /usr/lib/node_modules/npm/bin/node-gyp-bin:/home/aperessini/Projects/Oak-Workout-Tracker/Workout-Tracker/node_modules/.bin:/home/aperessini/bin:/home/aperessini/.local/bin:/usr/local/sbin:/usr/local/bin:/usr/sbin:/usr/bin:/sbin:/bin:/usr/games:/usr/local/games:/mnt/c/Program Files (x86)/Intel/iCLS Client:/mnt/c/Program Files/Intel/iCLS Client:/mnt/c/Windows/System32:/mnt/c/Windows:/mnt/c/Windows/System32/wbem:/mnt/c/Windows/System32/WindowsPowerShell/v1.0:/mnt/c/Program Files (x86)/Intel/Intel(R) Management Engine Components/DAL:/mnt/c/Program Files/Intel/Intel(R) Management Engine Components/DAL:/mnt/c/Program Files (x86)/Intel/Intel(R) Management Engine Components/IPT:/mnt/c/Program Files/Intel/Intel(R) Management Engine Components/IPT:/mnt/c/Program Files/Intel/WiFi/bin:/mnt/c/Program Files/Common Files/Intel/WirelessCommon:/mnt/c/Program Files/Microsoft SQL Server/130/Tools/Binn:/mnt/c/Program Files (x86)/GtkSharp/2.12/bin:/mnt/c/Program Files/MySQL/MySQL Utilities 1.6:/mnt/c/Users/aaron/AppData/Local/Microsoft/WindowsApps:/mnt/c/Program Files (x86)/Microsoft VS Code/bin:/mnt/c/Program Files/Heroku/bin:/snap/bin
10 verbose lifecycle workout-tracker@1.0.0~start: CWD: /home/aperessini/Projects/Oak-Workout-Tracker/Workout-Tracker
11 silly lifecycle workout-tracker@1.0.0~start: Args: [ '-c', 'node workoutTracker.js' ]
12 silly lifecycle workout-tracker@1.0.0~start: Returned: code: 1  signal: null
13 info lifecycle workout-tracker@1.0.0~start: Failed to exec start script
14 verbose stack Error: workout-tracker@1.0.0 start: `node workoutTracker.js`
14 verbose stack Exit status 1
14 verbose stack     at EventEmitter.<anonymous> (/usr/lib/node_modules/npm/lib/utils/lifecycle.js:255:16)
14 verbose stack     at emitTwo (events.js:106:13)
14 verbose stack     at EventEmitter.emit (events.js:191:7)
14 verbose stack     at ChildProcess.<anonymous> (/usr/lib/node_modules/npm/lib/utils/spawn.js:40:14)
14 verbose stack     at emitTwo (events.js:106:13)
14 verbose stack     at ChildProcess.emit (events.js:191:7)
14 verbose stack     at maybeClose (internal/child_process.js:920:16)
14 verbose stack     at Process.ChildProcess._handle.onexit (internal/child_process.js:230:5)
15 verbose pkgid workout-tracker@1.0.0
16 verbose cwd /home/aperessini/Projects/Oak-Workout-Tracker/Workout-Tracker
17 error Linux 4.4.0-43-Microsoft
18 error argv "/usr/bin/node" "/usr/bin/npm" "start"
19 error node v6.12.2
20 error npm  v3.10.10
21 error code ELIFECYCLE
22 error workout-tracker@1.0.0 start: `node workoutTracker.js`
22 error Exit status 1
23 error Failed at the workout-tracker@1.0.0 start script 'node workoutTracker.js'.
23 error Make sure you have the latest version of node.js and npm installed.
23 error If you do, this is most likely a problem with the workout-tracker package,
23 error not with npm itself.
23 error Tell the author that this fails on your system:
23 error     node workoutTracker.js
23 error You can get information on how to open an issue for this project with:
23 error     npm bugs workout-tracker
23 error Or if that isn't available, you can get their info via:
23 error     npm owner ls workout-tracker
23 error There is likely additional logging output above.
24 verbose exit [ 1, true ]
